This file contains any messages produced by compilers while
running configure, to aid debugging if configure makes a mistake.

It was created by configure, which was
generated by GNU Autoconf 2.63.  Invocation command line was

  $ ./configure 

## --------- ##
## Platform. ##
## --------- ##

hostname = 115x125x111x181.ap115.ftth.ucom.ne.jp
uname -m = x86_64
uname -r = 2.6.32-71.29.1.el6.x86_64
uname -s = Linux
uname -v = #1 SMP Mon Jun 27 19:49:27 BST 2011

/usr/bin/uname -p = unknown
/bin/uname -X     = unknown

/bin/arch              = x86_64
/usr/bin/arch -k       = unknown
/usr/convex/getsysinfo = unknown
/usr/bin/hostinfo      = unknown
/bin/machine           = unknown
/usr/bin/oslevel       = unknown
/bin/universe          = unknown

PATH: /usr/local/bin
PATH: /bin
PATH: /usr/bin
PATH: /usr/local/sbin
PATH: /usr/sbin
PATH: /sbin
PATH: /home/karino/bin


## ----------- ##
## Core tests. ##
## ----------- ##

configure:2321: checking for grep that handles long lines and -e
configure:2381: result: /bin/grep
configure:2386: checking for egrep
configure:2450: result: /bin/grep -E
configure:2455: checking for a sed that does not truncate output
configure:2509: result: /bin/sed
configure:2641: checking for cc
configure:2657: found /usr/bin/cc
configure:2668: result: cc
configure:2702: checking for C compiler version
configure:2710: cc --version >&5
cc (GCC) 4.4.4 20100726 (Red Hat 4.4.4-13)
Copyright (C) 2010 Free Software Foundation, Inc.
This is free software; see the source for copying conditions.  There is NO
warranty; not even for MERCHANTABILITY or FITNESS FOR A PARTICULAR PURPOSE.

configure:2714: $? = 0
configure:2721: cc -v >&5
Using built-in specs.
Target: x86_64-redhat-linux
Configured with: ../configure --prefix=/usr --mandir=/usr/share/man --infodir=/usr/share/info --with-bugurl=http://bugzilla.redhat.com/bugzilla --enable-bootstrap --enable-shared --enable-threads=posix --enable-checking=release --with-system-zlib --enable-__cxa_atexit --disable-libunwind-exceptions --enable-gnu-unique-object --enable-languages=c,c++,objc,obj-c++,java,fortran,ada --enable-java-awt=gtk --disable-dssi --with-java-home=/usr/lib/jvm/java-1.5.0-gcj-1.5.0.0/jre --enable-libgcj-multifile --enable-java-maintainer-mode --with-ecj-jar=/usr/share/java/eclipse-ecj.jar --disable-libjava-multilib --with-ppl --with-cloog --with-tune=generic --with-arch_32=i686 --build=x86_64-redhat-linux
Thread model: posix
gcc version 4.4.4 20100726 (Red Hat 4.4.4-13) (GCC) 
configure:2725: $? = 0
configure:2732: cc -V >&5
cc: '-V' option must have argument
configure:2736: $? = 1
configure:2759: checking for C compiler default output file name
configure:2781: cc   -L/usr/lib64/mysql conftest.c  >&5
configure:2785: $? = 0
configure:2823: result: a.out
configure:2842: checking whether the C compiler works
configure:2852: ./a.out
configure:2856: $? = 0
configure:2875: result: yes
configure:2882: checking whether we are cross compiling
configure:2884: result: no
configure:2887: checking for suffix of executables
configure:2894: cc -o conftest   -L/usr/lib64/mysql conftest.c  >&5
configure:2898: $? = 0
configure:2924: result: 
configure:2930: checking for suffix of object files
configure:2956: cc -c   conftest.c >&5
configure:2960: $? = 0
configure:2985: result: o
configure:2989: checking whether we are using the GNU C compiler
configure:3018: cc -c   conftest.c >&5
configure:3025: $? = 0
configure:3042: result: yes
configure:3051: checking whether cc accepts -g
configure:3081: cc -c -g  conftest.c >&5
configure:3088: $? = 0
configure:3189: result: yes
configure:3206: checking for cc option to accept ISO C89
configure:3280: cc  -c -g -O2  conftest.c >&5
configure:3287: $? = 0
configure:3310: result: none needed
configure:3334: checking how to run the C preprocessor
configure:3374: cc -E  conftest.c
configure:3381: $? = 0
configure:3412: cc -E  conftest.c
conftest.c:8:28: error: ac_nonexistent.h: No such file or directory
configure:3419: $? = 1
configure: failed program was:
| /* confdefs.h.  */
| #define PACKAGE_NAME ""
| #define PACKAGE_TARNAME ""
| #define PACKAGE_VERSION ""
| #define PACKAGE_STRING ""
| #define PACKAGE_BUGREPORT ""
| /* end confdefs.h.  */
| #include <ac_nonexistent.h>
configure:3452: result: cc -E
configure:3481: cc -E  conftest.c
configure:3488: $? = 0
configure:3519: cc -E  conftest.c
conftest.c:8:28: error: ac_nonexistent.h: No such file or directory
configure:3526: $? = 1
configure: failed program was:
| /* confdefs.h.  */
| #define PACKAGE_NAME ""
| #define PACKAGE_TARNAME ""
| #define PACKAGE_VERSION ""
| #define PACKAGE_STRING ""
| #define PACKAGE_BUGREPORT ""
| /* end confdefs.h.  */
| #include <ac_nonexistent.h>
configure:3568: checking for icc
configure:3581: result: no
configure:3595: checking for suncc
configure:3608: result: no
configure:3626: checking whether cc understands -c and -o together
configure:3658: cc -c conftest.c -o conftest2.o >&5
configure:3662: $? = 0
configure:3668: cc -c conftest.c -o conftest2.o >&5
configure:3672: $? = 0
configure:3727: result: yes
configure:3743: checking for system library directory
configure:3758: result: lib
configure:3765: checking if compiler supports -R
configure:3794: cc -o conftest -g -O2  -L/usr/lib64/mysql conftest.c -R /usr/lib  >&5
cc: unrecognized option '-R'
/usr/lib: file not recognized: Is a directory
collect2: ld returned 1 exit status
configure:3801: $? = 1
configure: failed program was:
| /* confdefs.h.  */
| #define PACKAGE_NAME ""
| #define PACKAGE_TARNAME ""
| #define PACKAGE_VERSION ""
| #define PACKAGE_STRING ""
| #define PACKAGE_BUGREPORT ""
| /* end confdefs.h.  */
| 
| int
| main ()
| {
| 
|   ;
|   return 0;
| }
configure:3823: result: no
configure:3828: checking if compiler supports -Wl,-rpath,
configure:3857: cc -o conftest -g -O2  -L/usr/lib64/mysql conftest.c -Wl,-rpath,/usr/lib  >&5
configure:3864: $? = 0
configure:3886: result: yes
configure:3935: checking build system type
configure:3953: result: x86_64-unknown-linux-gnu
configure:3975: checking host system type
configure:3990: result: x86_64-unknown-linux-gnu
configure:4012: checking target system type
configure:4027: result: x86_64-unknown-linux-gnu
configure:4136: checking for PHP prefix
configure:4138: result: /usr
configure:4140: checking for PHP includes
configure:4142: result: -I/usr/include/php -I/usr/include/php/main -I/usr/include/php/TSRM -I/usr/include/php/Zend -I/usr/include/php/ext -I/usr/include/php/ext/date/lib
configure:4144: checking for PHP extension directory
configure:4146: result: /usr/lib64/20090626
configure:4148: checking for PHP installed headers prefix
configure:4150: result: /usr/include/php
configure:4153: checking if debug is enabled
configure:4183: result: no
configure:4186: checking if zts is enabled
configure:4216: result: no
configure:4290: checking for re2c
configure:4320: result: no
configure:4345: WARNING: You will need re2c 0.13.4 or later if you want to regenerate PHP parsers.
configure:4359: checking for gawk
configure:4376: found /bin/gawk
configure:4387: result: gawk
configure:4437: checking for eigen support
configure:4477: result: yes, shared
configure:4884: checking for ld used by /usr/bin/gcc
configure:4951: result: /usr/bin/ld
configure:4960: checking if the linker (/usr/bin/ld) is GNU ld
configure:4975: result: yes
configure:4980: checking for /usr/bin/ld option to reload object files
configure:4987: result: -r
configure:5005: checking for BSD-compatible nm
configure:5054: result: /usr/bin/nm -B
configure:5058: checking whether ln -s works
configure:5062: result: yes
configure:5069: checking how to recognize dependent libraries
configure:5255: result: pass_all
configure:5340: /usr/bin/gcc -c -g -O2 -lstdc++  conftest.c >&5
configure:5343: $? = 0
configure:5496: checking for ANSI C header files
configure:5526: /usr/bin/gcc -c -g -O2 -lstdc++  conftest.c >&5
configure:5533: $? = 0
configure:5632: /usr/bin/gcc -o conftest -g -O2 -lstdc++  -L/usr/lib64/mysql conftest.c  >&5
configure:5636: $? = 0
configure:5642: ./conftest
configure:5646: $? = 0
configure:5664: result: yes
configure:5688: checking for sys/types.h
configure:5709: /usr/bin/gcc -c -g -O2 -lstdc++  conftest.c >&5
configure:5716: $? = 0
configure:5733: result: yes
configure:5688: checking for sys/stat.h
configure:5709: /usr/bin/gcc -c -g -O2 -lstdc++  conftest.c >&5
configure:5716: $? = 0
configure:5733: result: yes
configure:5688: checking for stdlib.h
configure:5709: /usr/bin/gcc -c -g -O2 -lstdc++  conftest.c >&5
configure:5716: $? = 0
configure:5733: result: yes
configure:5688: checking for string.h
configure:5709: /usr/bin/gcc -c -g -O2 -lstdc++  conftest.c >&5
configure:5716: $? = 0
configure:5733: result: yes
configure:5688: checking for memory.h
configure:5709: /usr/bin/gcc -c -g -O2 -lstdc++  conftest.c >&5
configure:5716: $? = 0
configure:5733: result: yes
configure:5688: checking for strings.h
configure:5709: /usr/bin/gcc -c -g -O2 -lstdc++  conftest.c >&5
configure:5716: $? = 0
configure:5733: result: yes
configure:5688: checking for inttypes.h
configure:5709: /usr/bin/gcc -c -g -O2 -lstdc++  conftest.c >&5
configure:5716: $? = 0
configure:5733: result: yes
configure:5688: checking for stdint.h
configure:5709: /usr/bin/gcc -c -g -O2 -lstdc++  conftest.c >&5
configure:5716: $? = 0
configure:5733: result: yes
configure:5688: checking for unistd.h
configure:5709: /usr/bin/gcc -c -g -O2 -lstdc++  conftest.c >&5
configure:5716: $? = 0
configure:5733: result: yes
configure:5763: checking dlfcn.h usability
configure:5780: /usr/bin/gcc -c -g -O2 -lstdc++  conftest.c >&5
configure:5787: $? = 0
configure:5801: result: yes
configure:5805: checking dlfcn.h presence
configure:5820: cc -E  conftest.c
configure:5827: $? = 0
configure:5841: result: yes
configure:5869: checking for dlfcn.h
configure:5878: result: yes
configure:5905: checking the maximum length of command line arguments
configure:6017: result: 1966080
configure:6029: checking command to parse /usr/bin/nm -B output from /usr/bin/gcc object
configure:6134: /usr/bin/gcc -c -g -O2 -lstdc++  conftest.c >&5
configure:6137: $? = 0
configure:6141: /usr/bin/nm -B conftest.o \| sed -n -e 's/^.*[ 	]\([ABCDGIRSTW][ABCDGIRSTW]*\)[ 	][ 	]*\([_A-Za-z][_A-Za-z0-9]*\)$/\1 \2 \2/p' \> conftest.nm
configure:6144: $? = 0
configure:6196: /usr/bin/gcc -o conftest -g -O2 -lstdc++  -L/usr/lib64/mysql conftest.c conftstm.o >&5
configure:6199: $? = 0
configure:6237: result: ok
configure:6241: checking for objdir
configure:6256: result: .libs
configure:6348: checking for ar
configure:6364: found /usr/bin/ar
configure:6375: result: ar
configure:6440: checking for ranlib
configure:6456: found /usr/bin/ranlib
configure:6467: result: ranlib
configure:6532: checking for strip
configure:6548: found /usr/bin/strip
configure:6559: result: strip
configure:7128: checking if /usr/bin/gcc supports -fno-rtti -fno-exceptions
configure:7146: /usr/bin/gcc -c -g -O2 -lstdc++  -fno-rtti -fno-exceptions conftest.c >&5
cc1: warning: command line option "-fno-rtti" is valid for C++/ObjC++ but not for C
configure:7150: $? = 0
configure:7163: result: no
configure:7178: checking for /usr/bin/gcc option to produce PIC
configure:7418: result: -fPIC
configure:7426: checking if /usr/bin/gcc PIC flag -fPIC works
configure:7444: /usr/bin/gcc -c -g -O2 -lstdc++  -fPIC -DPIC conftest.c >&5
configure:7448: $? = 0
configure:7461: result: yes
configure:7489: checking if /usr/bin/gcc static flag -static works
configure:7517: result: no
configure:7527: checking if /usr/bin/gcc supports -c -o file.o
configure:7548: /usr/bin/gcc -c -g -O2 -lstdc++  -o out/conftest2.o conftest.c >&5
configure:7552: $? = 0
configure:7574: result: yes
configure:7600: checking whether the /usr/bin/gcc linker (/usr/bin/ld -m elf_x86_64) supports shared libraries
configure:8532: result: yes
configure:8553: checking whether -lc should be explicitly linked in
configure:8558: /usr/bin/gcc -c -g -O2 -lstdc++  conftest.c >&5
configure:8561: $? = 0
configure:8576: /usr/bin/gcc -shared conftest.o  -v -Wl,-soname -Wl,conftest -o conftest 2\>\&1 \| grep  -lc  \>/dev/null 2\>\&1
configure:8579: $? = 0
configure:8591: result: no
configure:8599: checking dynamic linker characteristics
configure:9201: result: GNU/Linux ld.so
configure:9225: checking how to hardcode library paths into programs
configure:9250: result: immediate
configure:9264: checking whether stripping libraries is possible
configure:9269: result: yes
configure:10099: checking if libtool supports shared libraries
configure:10101: result: yes
configure:10104: checking whether to build shared libraries
configure:10125: result: yes
configure:10128: checking whether to build static libraries
configure:10132: result: no
configure:10227: result:
creating libtool
configure:10964: checking whether the /usr/bin/g++ linker (/usr/bin/ld -m elf_x86_64) supports shared libraries
configure:11862: result: yes
configure:11883: /usr/bin/g++ -c -fPIC  conftest.cpp >&5
configure:11886: $? = 0
configure:12042: checking for /usr/bin/g++ option to produce PIC
configure:12332: result: 
configure:12403: checking if /usr/bin/g++ static flag  works
configure:12431: result: yes
configure:12441: checking if /usr/bin/g++ supports -c -o file.o
configure:12462: /usr/bin/g++ -c -fPIC  -o out/conftest2.o conftest.cpp >&5
configure:12466: $? = 0
configure:12488: result: yes
configure:12514: checking whether the /usr/bin/g++ linker (/usr/bin/ld -m elf_x86_64) supports shared libraries
configure:12540: result: yes
configure:12607: checking dynamic linker characteristics
configure:13157: result: GNU/Linux ld.so
configure:13181: checking how to hardcode library paths into programs
configure:13206: result: unsupported
configure:13928: creating ./config.status

## ---------------------- ##
## Running config.status. ##
## ---------------------- ##

This file was extended by config.status, which was
generated by GNU Autoconf 2.63.  Invocation command line was

  CONFIG_FILES    = 
  CONFIG_HEADERS  = 
  CONFIG_LINKS    = 
  CONFIG_COMMANDS = 
  $ ./config.status 

on 115x125x111x181.ap115.ftth.ucom.ne.jp

config.status:606: creating config.h
config.status:740: config.h is unchanged

## ---------------- ##
## Cache variables. ##
## ---------------- ##

ac_cv_build=x86_64-unknown-linux-gnu
ac_cv_c_compiler_gnu=yes
ac_cv_env_CC_set=
ac_cv_env_CC_value=
ac_cv_env_CFLAGS_set=
ac_cv_env_CFLAGS_value=
ac_cv_env_CPPFLAGS_set=
ac_cv_env_CPPFLAGS_value=
ac_cv_env_CPP_set=
ac_cv_env_CPP_value=
ac_cv_env_LDFLAGS_set=set
ac_cv_env_LDFLAGS_value=-L/usr/lib64/mysql
ac_cv_env_LIBS_set=
ac_cv_env_LIBS_value=
ac_cv_env_build_alias_set=
ac_cv_env_build_alias_value=
ac_cv_env_host_alias_set=
ac_cv_env_host_alias_value=
ac_cv_env_target_alias_set=
ac_cv_env_target_alias_value=
ac_cv_header_dlfcn_h=yes
ac_cv_header_inttypes_h=yes
ac_cv_header_memory_h=yes
ac_cv_header_stdc=yes
ac_cv_header_stdint_h=yes
ac_cv_header_stdlib_h=yes
ac_cv_header_string_h=yes
ac_cv_header_strings_h=yes
ac_cv_header_sys_stat_h=yes
ac_cv_header_sys_types_h=yes
ac_cv_header_unistd_h=yes
ac_cv_host=x86_64-unknown-linux-gnu
ac_cv_objext=o
ac_cv_path_EGREP='/bin/grep -E'
ac_cv_path_GREP=/bin/grep
ac_cv_prog_AWK=gawk
ac_cv_prog_CPP='cc -E'
ac_cv_prog_ac_ct_AR=ar
ac_cv_prog_ac_ct_CC=cc
ac_cv_prog_ac_ct_RANLIB=ranlib
ac_cv_prog_ac_ct_STRIP=strip
ac_cv_prog_cc_c89=
ac_cv_prog_cc_cc_c_o=yes
ac_cv_prog_cc_g=yes
ac_cv_target=x86_64-unknown-linux-gnu
lt_cv_deplibs_check_method=pass_all
lt_cv_file_magic_cmd='$MAGIC_CMD'
lt_cv_file_magic_test_file=
lt_cv_ld_reload_flag=-r
lt_cv_objdir=.libs
lt_cv_path_LD=/usr/bin/ld
lt_cv_path_LDCXX=
lt_cv_path_NM='/usr/bin/nm -B'
lt_cv_path_SED=/bin/sed
lt_cv_prog_compiler_c_o=yes
lt_cv_prog_compiler_c_o_CXX=yes
lt_cv_prog_compiler_pic_works=yes
lt_cv_prog_compiler_rtti_exceptions=no
lt_cv_prog_compiler_static_works=no
lt_cv_prog_compiler_static_works_CXX=yes
lt_cv_prog_gnu_ld=yes
lt_cv_prog_gnu_ldcxx=
lt_cv_sys_global_symbol_pipe='sed -n -e '\''s/^.*[ 	]\([ABCDGIRSTW][ABCDGIRSTW]*\)[ 	][ 	]*\([_A-Za-z][_A-Za-z0-9]*\)$/\1 \2 \2/p'\'''
lt_cv_sys_global_symbol_to_c_name_address='sed -n -e '\''s/^: \([^ ]*\) $/  {\"\1\", (lt_ptr) 0},/p'\'' -e '\''s/^[BCDEGRST] \([^ ]*\) \([^ ]*\)$/  {"\2", (lt_ptr) \&\2},/p'\'''
lt_cv_sys_global_symbol_to_cdecl='sed -n -e '\''s/^. .* \(.*\)$/extern int \1;/p'\'''
lt_cv_sys_lib_dlsearch_path_spec='/lib /usr/lib /usr/lib64/R/lib/ /usr/lib64/atlas /usr/local/lib /usr/lib64/mysql /usr/lib64/octave/3.4.2 /usr/lib64/tcl8.5/tclx8.4 /usr/lib64/xulrunner-1.9.2 '
lt_cv_sys_lib_search_path_spec='/usr/lib/gcc/x86_64-redhat-linux/4.4.4 /usr/lib64 /lib64'
lt_cv_sys_max_cmd_len=1966080
lt_lt_cv_prog_compiler_c_o='"yes"'
lt_lt_cv_prog_compiler_c_o_CXX='"yes"'
lt_lt_cv_sys_global_symbol_pipe='"sed -n -e '\''s/^.*[ 	]\\([ABCDGIRSTW][ABCDGIRSTW]*\\)[ 	][ 	]*\\([_A-Za-z][_A-Za-z0-9]*\\)\$/\\1 \\2 \\2/p'\''"'
lt_lt_cv_sys_global_symbol_to_c_name_address='"sed -n -e '\''s/^: \\([^ ]*\\) \$/  {\\\"\\1\\\", (lt_ptr) 0},/p'\'' -e '\''s/^[BCDEGRST] \\([^ ]*\\) \\([^ ]*\\)\$/  {\"\\2\", (lt_ptr) \\&\\2},/p'\''"'
lt_lt_cv_sys_global_symbol_to_cdecl='"sed -n -e '\''s/^. .* \\(.*\\)\$/extern int \\1;/p'\''"'
php_cv_cc_dashr=no
php_cv_cc_rpath=yes

## ----------------- ##
## Output variables. ##
## ----------------- ##

AR='ar'
AWK='gawk'
CC='/usr/bin/gcc'
CFLAGS='-g -O2 -lstdc++'
CONFIGURE_COMMAND=' '\''./configure'\'' '
CONFIGURE_OPTIONS=''
CPP='cc -E'
CPPFLAGS=' -DHAVE_CONFIG_H'
DEFS='-DHAVE_CONFIG_H'
DSYMUTIL=''
ECHO='echo'
ECHO_C=''
ECHO_N='-n'
ECHO_T=''
EGREP='/bin/grep -E'
EXEEXT=''
GREP='/bin/grep'
LDFLAGS='-L/usr/lib64/mysql'
LIBOBJS=''
LIBS=''
LIBTOOL='$(SHELL) $(top_builddir)/libtool'
LN_S='ln -s'
LTLIBOBJS=''
NMEDIT=''
OBJEXT='o'
PACKAGE_BUGREPORT=''
PACKAGE_NAME=''
PACKAGE_STRING=''
PACKAGE_TARNAME=''
PACKAGE_VERSION=''
PATH_SEPARATOR=':'
RANLIB='ranlib'
RE2C='exit 0;'
SED='/bin/sed'
SHELL='/bin/sh'
SHLIB_DL_SUFFIX_NAME='so'
SHLIB_SUFFIX_NAME='so'
STRIP='strip'
ac_ct_CC='cc'
bindir='${exec_prefix}/bin'
build='x86_64-unknown-linux-gnu'
build_alias=''
build_cpu='x86_64'
build_os='linux-gnu'
build_vendor='unknown'
datadir='${datarootdir}'
datarootdir='${prefix}/share'
docdir='${datarootdir}/doc/${PACKAGE}'
dvidir='${docdir}'
exec_prefix='$(prefix)'
host='x86_64-unknown-linux-gnu'
host_alias='x86_64-unknown-linux-gnu'
host_cpu='x86_64'
host_os='linux-gnu'
host_vendor='unknown'
htmldir='${docdir}'
includedir='${prefix}/include'
infodir='${datarootdir}/info'
libdir='${exec_prefix}/lib'
libexecdir='${exec_prefix}/libexec'
localedir='${datarootdir}/locale'
localstatedir='${prefix}/var'
mandir='${datarootdir}/man'
oldincludedir='/usr/include'
pdfdir='${docdir}'
prefix='/usr'
program_transform_name='s,x,x,'
psdir='${docdir}'
sbindir='${exec_prefix}/sbin'
sharedstatedir='${prefix}/com'
sysconfdir='${prefix}/etc'
target='x86_64-unknown-linux-gnu'
target_alias=''
target_cpu='x86_64'
target_os='linux-gnu'
target_vendor='unknown'

## ----------- ##
## confdefs.h. ##
## ----------- ##

#define PACKAGE_NAME ""
#define PACKAGE_TARNAME ""
#define PACKAGE_VERSION ""
#define PACKAGE_STRING ""
#define PACKAGE_BUGREPORT ""
#define COMPILE_DL_EIGEN 1
#define STDC_HEADERS 1
#define HAVE_SYS_TYPES_H 1
#define HAVE_SYS_STAT_H 1
#define HAVE_STDLIB_H 1
#define HAVE_STRING_H 1
#define HAVE_MEMORY_H 1
#define HAVE_STRINGS_H 1
#define HAVE_INTTYPES_H 1
#define HAVE_STDINT_H 1
#define HAVE_UNISTD_H 1
#define HAVE_DLFCN_H 1

configure: exit 0
